Removed Pin From Net: NetName=GND Pin=J2-1
Removed Pin From Net: NetName=VCC Pin=J2-2
Removed Pin From Net: NetName=GND Pin=J2-3
Removed Pin From Net: NetName=VCC Pin=J2-4
Removed Pin From Net: NetName=GND Pin=J2-5
Removed Pin From Net: NetName=GND Pin=J2-7
Removed Pin From Net: NetName=GND Pin=J2-9
Removed Pin From Net: NetName=GND Pin=J2-10
Removed Pin From Net: NetName=GND Pin=J2-11
Removed Pin From Net: NetName=GND Pin=J2-12
Removed Pin From Net: NetName=GND Pin=J2-13
Removed Pin From Net: NetName=CANL Pin=J2-14
Removed Pin From Net: NetName=GND Pin=J2-15
Removed Pin From Net: NetName=CANH Pin=J2-16
Removed Pin From Net: NetName=GND Pin=J2-17
Removed Pin From Net: NetName=GND Pin=J2-18
Removed Pin From Net: NetName=GND Pin=J2-19
Removed Pin From Net: NetName=GND Pin=J2-21
Removed Pin From Net: NetName=GND Pin=J2-23
Removed Pin From Net: NetName=GND Pin=J2-25
Removed Pin From Net: NetName=GND Pin=J2-27
Removed Pin From Net: NetName=GND Pin=J2-29
Removed Pin From Net: NetName=GND Pin=J2-31
Removed Pin From Net: NetName=GND Pin=J2-33
Removed Pin From Net: NetName=GND Pin=J2-35
Removed Pin From Net: NetName=GND Pin=J2-37
Removed Pin From Net: NetName=GND Pin=J2-39
Removed Pin From Net: NetName=GND Pin=J3-1
Removed Pin From Net: NetName=VCC Pin=J3-2
Removed Pin From Net: NetName=GND Pin=J3-3
Removed Pin From Net: NetName=VCC Pin=J3-4
Removed Pin From Net: NetName=GND Pin=J3-5
Removed Pin From Net: NetName=GND Pin=J3-7
Removed Pin From Net: NetName=GND Pin=J3-9
Removed Pin From Net: NetName=GND Pin=J3-10
Removed Pin From Net: NetName=GND Pin=J3-11
Removed Pin From Net: NetName=GND Pin=J3-12
Removed Pin From Net: NetName=GND Pin=J3-13
Removed Pin From Net: NetName=CANL Pin=J3-14
Removed Pin From Net: NetName=GND Pin=J3-15
Removed Pin From Net: NetName=CANH Pin=J3-16
Removed Pin From Net: NetName=GND Pin=J3-17
Removed Pin From Net: NetName=GND Pin=J3-18
Removed Pin From Net: NetName=GND Pin=J3-19
Removed Pin From Net: NetName=GND Pin=J3-21
Removed Pin From Net: NetName=GND Pin=J3-23
Removed Pin From Net: NetName=GND Pin=J3-25
Removed Pin From Net: NetName=GND Pin=J3-27
Removed Pin From Net: NetName=GND Pin=J3-29
Removed Pin From Net: NetName=GND Pin=J3-31
Removed Pin From Net: NetName=GND Pin=J3-33
Removed Pin From Net: NetName=GND Pin=J3-35
Removed Pin From Net: NetName=GND Pin=J3-37
Removed Pin From Net: NetName=GND Pin=J3-39
Added Component: Designator=J1(StackingConnector)
Added Pin To Net: NetName=GND Pin=J1-1
Added Pin To Net: NetName=GND Pin=J1-1
Added Pin To Net: NetName=GND Pin=J1-1
Added Pin To Net: NetName=GND Pin=J1-1
Added Pin To Net: NetName=GND Pin=J1-1
Added Pin To Net: NetName=GND Pin=J1-1
Added Pin To Net: NetName=GND Pin=J1-1
Added Pin To Net: NetName=GND Pin=J1-1
Added Pin To Net: NetName=GND Pin=J1-1
Added Pin To Net: NetName=GND Pin=J1-1
Added Pin To Net: NetName=GND Pin=J1-1
Added Pin To Net: NetName=GND Pin=J1-1
Added Pin To Net: NetName=GND Pin=J1-1
Added Pin To Net: NetName=GND Pin=J1-1
Added Pin To Net: NetName=GND Pin=J1-1
Added Pin To Net: NetName=GND Pin=J1-1
Added Pin To Net: NetName=GND Pin=J1-1
Added Pin To Net: NetName=GND Pin=J1-1
Added Pin To Net: NetName=GND Pin=J1-1
Added Pin To Net: NetName=GND Pin=J1-1
Added Pin To Net: NetName=GND Pin=J1-1
Added Pin To Net: NetName=GND Pin=J1-1
Added Pin To Net: NetName=GND Pin=J1-1
Added Pin To Net: NetName=GND Pin=J1-2
Added Pin To Net: NetName=GND Pin=J1-2
Added Pin To Net: NetName=GND Pin=J1-2
Added Pin To Net: NetName=GND Pin=J1-2
Added Pin To Net: NetName=GND Pin=J1-2
Added Pin To Net: NetName=GND Pin=J1-2
Added Pin To Net: NetName=GND Pin=J1-2
Added Pin To Net: NetName=GND Pin=J1-2
Added Pin To Net: NetName=GND Pin=J1-2
Added Pin To Net: NetName=GND Pin=J1-2
Added Pin To Net: NetName=GND Pin=J1-2
Added Pin To Net: NetName=GND Pin=J1-2
Added Pin To Net: NetName=GND Pin=J1-2
Added Pin To Net: NetName=GND Pin=J1-2
Added Pin To Net: NetName=GND Pin=J1-2
Added Pin To Net: NetName=GND Pin=J1-2
Added Pin To Net: NetName=GND Pin=J1-2
Added Pin To Net: NetName=GND Pin=J1-2
Added Pin To Net: NetName=GND Pin=J1-2
Added Pin To Net: NetName=GND Pin=J1-2
Added Pin To Net: NetName=GND Pin=J1-2
Added Pin To Net: NetName=GND Pin=J1-2
Added Pin To Net: NetName=GND Pin=J1-2
Added Pin To Net: NetName=VCC Pin=J1-3
Added Pin To Net: NetName=VCC Pin=J1-3
Added Pin To Net: NetName=VCC Pin=J1-4
Added Pin To Net: NetName=VCC Pin=J1-4
Added Pin To Net: NetName=CANL Pin=J1-5
Added Pin To Net: NetName=CANL Pin=J1-5
Added Pin To Net: NetName=CANL Pin=J1-6
Added Pin To Net: NetName=CANL Pin=J1-6
Added Pin To Net: NetName=CANH Pin=J1-7
Added Pin To Net: NetName=CANH Pin=J1-8
Added Member To Class: ClassName=MainBoard Member=Component J1 693072010801
Added Room: Name=MainBoard
Added Room: Name=U_BasicMicrocontroller
